<?xml version="1.0" encoding="UTF-8"?>
<!-- Generated by org.testng.reporters.JUnitReportReporter -->
<testsuite hostname="GP-PC-001" failures="0" tests="1" name="testCases.Authentication" time="3.891" errors="0" timestamp="21 Apr 2024 06:36:50 GMT" skipped="0">
  <testcase classname="testCases.Authentication" name="generateBearerToken" time="3.891"/>
</testsuite> <!-- testCases.Authentication -->
