<?xml version="1.0" encoding="UTF-8"?>
<!-- Generated by org.testng.reporters.JUnitReportReporter -->
<testsuite hostname="GP-PC-001" failures="0" tests="3" name="testCases.CreateAccount" time="8.507" errors="0" timestamp="21 Apr 2024 19:40:34 GMT" skipped="0">
  <testcase classname="testCases.CreateAccount" name="createAccount" time="4.907"/>
  <testcase classname="testCases.CreateAccount" name="getAllAccounts" time="2.363"/>
  <testcase classname="testCases.CreateAccount" name="getAccountDetails" time="1.237"/>
</testsuite> <!-- testCases.CreateAccount -->
