<?xml version="1.0" encoding="UTF-8"?>
<!-- Generated by org.testng.reporters.JUnitReportReporter -->
<testsuite hostname="GP-PC-001" failures="0" tests="2" name="testCases.DeleteAccount" time="5.560" errors="0" timestamp="21 Apr 2024 20:29:01 GMT" skipped="0">
  <testcase classname="testCases.DeleteAccount" name="deleteAccount" time="4.420"/>
  <testcase classname="testCases.DeleteAccount" name="getAccountDetails" time="1.140"/>
</testsuite> <!-- testCases.DeleteAccount -->
