<?xml version="1.0" encoding="UTF-8"?>
<!-- Generated by org.testng.reporters.JUnitReportReporter -->
<testsuite hostname="GP-PC-001" failures="0" tests="1" name="testCases.GetAllAccounts" time="5.719" errors="0" timestamp="21 Apr 2024 20:24:05 GMT" skipped="0">
  <testcase classname="testCases.GetAllAccounts" name="getAllAccounts" time="5.719"/>
</testsuite> <!-- testCases.GetAllAccounts -->
