<?xml version="1.0" encoding="UTF-8"?>
<!-- Generated by org.testng.reporters.JUnitReportReporter -->
<testsuite hostname="GP-PC-001" failures="0" tests="1" name="testCases.GetAccountDetails" time="3.794" errors="0" timestamp="21 Apr 2024 19:24:06 GMT" skipped="0">
  <testcase classname="testCases.GetAccountDetails" name="getAccountDetails" time="3.794"/>
</testsuite> <!-- testCases.GetAccountDetails -->
