<?xml version="1.0" encoding="UTF-8"?>
<!-- Generated by org.testng.reporters.JUnitReportReporter -->
<testsuite hostname="GP-PC-001" failures="0" tests="2" name="testCases.UpdateAccount" time="5.793" errors="0" timestamp="21 Apr 2024 20:25:39 GMT" skipped="0">
  <testcase classname="testCases.UpdateAccount" name="updateAccount" time="4.487"/>
  <testcase classname="testCases.UpdateAccount" name="getAccountDetails" time="1.306"/>
</testsuite> <!-- testCases.UpdateAccount -->
